<?xml version="1.0" encoding="UTF-8"?>
<coverage generated="1745863275228" clover="3.2.0">
  <project timestamp="1745863275228" name="All files">
    <metrics statements="31" coveredstatements="31" conditionals="12" coveredconditionals="12" methods="3" coveredmethods="3" elements="46" coveredelements="46" complexity="0" loc="31" ncloc="31" packages="1" files="1" classes="1"/>
    <file name="api_testing.js" path="/Users/imtanakit/SE/backend/se-project-backend-10_brain-not-found/controllers/api_testing.js">
      <metrics statements="31" coveredstatements="31" conditionals="12" coveredconditionals="12" methods="3" coveredmethods="3"/>
      <line num="1" count="2" type="stmt"/>
      <line num="3" count="2" type="stmt"/>
      <line num="4" count="3" type="stmt"/>
      <line num="5" count="3" type="stmt"/>
      <line num="7" count="3" type="cond" truecount="2" falsecount="0"/>
      <line num="8" count="1" type="stmt"/>
      <line num="15" count="2" type="stmt"/>
      <line num="16" count="2" type="stmt"/>
      <line num="17" count="2" type="stmt"/>
      <line num="18" count="2" type="stmt"/>
      <line num="19" count="2" type="stmt"/>
      <line num="21" count="1" type="stmt"/>
      <line num="26" count="1" type="stmt"/>
      <line num="27" count="1" type="stmt"/>
      <line num="34" count="2" type="stmt"/>
      <line num="35" count="6" type="stmt"/>
      <line num="37" count="6" type="stmt"/>
      <line num="44" count="6" type="cond" truecount="2" falsecount="0"/>
      <line num="45" count="3" type="cond" truecount="2" falsecount="0"/>
      <line num="46" count="1" type="stmt"/>
      <line num="50" count="2" type="stmt"/>
      <line num="54" count="3" type="cond" truecount="2" falsecount="0"/>
      <line num="55" count="2" type="cond" truecount="2" falsecount="0"/>
      <line num="56" count="1" type="stmt"/>
      <line num="60" count="1" type="stmt"/>
      <line num="66" count="1" type="stmt"/>
      <line num="69" count="4" type="stmt"/>
      <line num="70" count="4" type="stmt"/>
      <line num="72" count="1" type="stmt"/>
      <line num="73" count="1" type="stmt"/>
      <line num="82" count="2" type="cond" truecount="2" falsecount="0"/>
    </file>
  </project>
</coverage>
