{"/Users/imtanakit/SE/backend/se-project-backend-10_brain-not-found/controllers/api_testing.js": {"path":"/Users/imtanakit/SE/backend/se-project-backend-10_brain-not-found/controllers/api_testing.js","statementMap":{"0":{"start":{"line":1,"column":16},"end":{"line":1,"column":44}},"1":{"start":{"line":3,"column":0},"end":{"line":32,"column":2}},"2":{"start":{"line":4,"column":4},"end":{"line":31,"column":5}},"3":{"start":{"line":5,"column":8},"end":{"line":5,"column":36}},"4":{"start":{"line":7,"column":8},"end":{"line":12,"column":9}},"5":{"start":{"line":8,"column":12},"end":{"line":11,"column":15}},"6":{"start":{"line":15,"column":8},"end":{"line":15,"column":34}},"7":{"start":{"line":16,"column":8},"end":{"line":16,"column":31}},"8":{"start":{"line":17,"column":8},"end":{"line":17,"column":31}},"9":{"start":{"line":18,"column":8},"end":{"line":18,"column":31}},"10":{"start":{"line":19,"column":24},"end":{"line":19,"column":54}},"11":{"start":{"line":21,"column":8},"end":{"line":24,"column":11}},"12":{"start":{"line":26,"column":28},"end":{"line":26,"column":89}},"13":{"start":{"line":27,"column":8},"end":{"line":30,"column":11}},"14":{"start":{"line":34,"column":0},"end":{"line":75,"column":2}},"15":{"start":{"line":35,"column":4},"end":{"line":74,"column":5}},"16":{"start":{"line":37,"column":32},"end":{"line":42,"column":9}},"17":{"start":{"line":44,"column":8},"end":{"line":67,"column":9}},"18":{"start":{"line":45,"column":12},"end":{"line":53,"column":13}},"19":{"start":{"line":46,"column":16},"end":{"line":48,"column":65}},"20":{"start":{"line":50,"column":16},"end":{"line":52,"column":65}},"21":{"start":{"line":54,"column":15},"end":{"line":67,"column":9}},"22":{"start":{"line":55,"column":12},"end":{"line":63,"column":13}},"23":{"start":{"line":56,"column":16},"end":{"line":58,"column":65}},"24":{"start":{"line":60,"column":16},"end":{"line":62,"column":65}},"25":{"start":{"line":66,"column":12},"end":{"line":66,"column":123}},"26":{"start":{"line":69,"column":25},"end":{"line":69,"column":36}},"27":{"start":{"line":70,"column":8},"end":{"line":70,"column":64}},"28":{"start":{"line":72,"column":28},"end":{"line":72,"column":89}},"29":{"start":{"line":73,"column":8},"end":{"line":73,"column":80}},"30":{"start":{"line":82,"column":85},"end":{"line":82,"column":40213}},"31":{"start":{"line":82,"column":89},"end":{"line":82,"column":40202}}},"fnMap":{"0":{"name":"(anonymous_0)","decl":{"start":{"line":3,"column":24},"end":{"line":3,"column":25}},"loc":{"start":{"line":3,"column":50},"end":{"line":32,"column":1}},"line":3},"1":{"name":"(anonymous_1)","decl":{"start":{"line":34,"column":22},"end":{"line":34,"column":23}},"loc":{"start":{"line":34,"column":48},"end":{"line":75,"column":1}},"line":34},"2":{"name":"oo_cm","decl":{"start":{"line":82,"column":77},"end":{"line":82,"column":82}},"loc":{"start":{"line":82,"column":84},"end":{"line":82,"column":40214}},"line":82}},"branchMap":{"0":{"loc":{"start":{"line":7,"column":8},"end":{"line":12,"column":9}},"type":"if","locations":[{"start":{"line":7,"column":8},"end":{"line":12,"column":9}},{"start":{},"end":{}}],"line":7},"1":{"loc":{"start":{"line":44,"column":8},"end":{"line":67,"column":9}},"type":"if","locations":[{"start":{"line":44,"column":8},"end":{"line":67,"column":9}},{"start":{"line":54,"column":15},"end":{"line":67,"column":9}}],"line":44},"2":{"loc":{"start":{"line":45,"column":12},"end":{"line":53,"column":13}},"type":"if","locations":[{"start":{"line":45,"column":12},"end":{"line":53,"column":13}},{"start":{"line":49,"column":19},"end":{"line":53,"column":13}}],"line":45},"3":{"loc":{"start":{"line":54,"column":15},"end":{"line":67,"column":9}},"type":"if","locations":[{"start":{"line":54,"column":15},"end":{"line":67,"column":9}},{"start":{"line":65,"column":13},"end":{"line":67,"column":9}}],"line":54},"4":{"loc":{"start":{"line":55,"column":12},"end":{"line":63,"column":13}},"type":"if","locations":[{"start":{"line":55,"column":12},"end":{"line":63,"column":13}},{"start":{"line":59,"column":19},"end":{"line":63,"column":13}}],"line":55},"5":{"loc":{"start":{"line":82,"column":96},"end":{"line":82,"column":40201}},"type":"binary-expr","locations":[{"start":{"line":82,"column":96},"end":{"line":82,"column":133}},{"start":{"line":82,"column":137},"end":{"line":82,"column":40201}}],"line":82}},"s":{"0":2,"1":2,"2":3,"3":3,"4":3,"5":1,"6":2,"7":2,"8":2,"9":2,"10":2,"11":1,"12":1,"13":1,"14":2,"15":6,"16":6,"17":6,"18":3,"19":1,"20":2,"21":3,"22":2,"23":1,"24":1,"25":1,"26":4,"27":4,"28":1,"29":1,"30":2,"31":2},"f":{"0":3,"1":6,"2":2},"b":{"0":[1,2],"1":[3,3],"2":[1,2],"3":[2,1],"4":[1,1],"5":[2,2]},"_coverageSchema":"1a1c01bbd47fc00a2c39e90264f33305004495a9","hash":"c956ccfd47642ca34c8fbf3a25d4897a531ae0f3"}
}
