{"/Users/imtanakit/SE/backend/se-project-backend-10_brain-not-found/controllers/requests.js": {"path":"/Users/imtanakit/SE/backend/se-project-backend-10_brain-not-found/controllers/requests.js","statementMap":{"0":{"start":{"line":1,"column":16},"end":{"line":1,"column":44}},"1":{"start":{"line":2,"column":13},"end":{"line":2,"column":38}},"2":{"start":{"line":3,"column":16},"end":{"line":3,"column":41}},"3":{"start":{"line":4,"column":17},"end":{"line":4,"column":36}},"4":{"start":{"line":9,"column":0},"end":{"line":38,"column":2}},"5":{"start":{"line":10,"column":4},"end":{"line":37,"column":5}},"6":{"start":{"line":11,"column":8},"end":{"line":11,"column":36}},"7":{"start":{"line":13,"column":8},"end":{"line":18,"column":9}},"8":{"start":{"line":14,"column":12},"end":{"line":17,"column":15}},"9":{"start":{"line":21,"column":8},"end":{"line":21,"column":34}},"10":{"start":{"line":22,"column":8},"end":{"line":22,"column":31}},"11":{"start":{"line":23,"column":8},"end":{"line":23,"column":31}},"12":{"start":{"line":24,"column":8},"end":{"line":24,"column":31}},"13":{"start":{"line":25,"column":24},"end":{"line":25,"column":54}},"14":{"start":{"line":27,"column":8},"end":{"line":30,"column":11}},"15":{"start":{"line":32,"column":28},"end":{"line":32,"column":88}},"16":{"start":{"line":33,"column":8},"end":{"line":36,"column":11}},"17":{"start":{"line":43,"column":0},"end":{"line":81,"column":2}},"18":{"start":{"line":44,"column":4},"end":{"line":80,"column":5}},"19":{"start":{"line":46,"column":32},"end":{"line":51,"column":9}},"20":{"start":{"line":53,"column":8},"end":{"line":73,"column":9}},"21":{"start":{"line":54,"column":12},"end":{"line":62,"column":13}},"22":{"start":{"line":55,"column":16},"end":{"line":57,"column":65}},"23":{"start":{"line":59,"column":16},"end":{"line":61,"column":65}},"24":{"start":{"line":63,"column":15},"end":{"line":73,"column":9}},"25":{"start":{"line":64,"column":13},"end":{"line":72,"column":13}},"26":{"start":{"line":65,"column":16},"end":{"line":67,"column":65}},"27":{"start":{"line":69,"column":16},"end":{"line":71,"column":65}},"28":{"start":{"line":75,"column":25},"end":{"line":75,"column":36}},"29":{"start":{"line":76,"column":8},"end":{"line":76,"column":64}},"30":{"start":{"line":78,"column":28},"end":{"line":78,"column":88}},"31":{"start":{"line":79,"column":8},"end":{"line":79,"column":80}},"32":{"start":{"line":86,"column":0},"end":{"line":110,"column":1}},"33":{"start":{"line":87,"column":4},"end":{"line":109,"column":5}},"34":{"start":{"line":88,"column":23},"end":{"line":88,"column":33}},"35":{"start":{"line":89,"column":22},"end":{"line":92,"column":10}},"36":{"start":{"line":94,"column":8},"end":{"line":96,"column":9}},"37":{"start":{"line":95,"column":12},"end":{"line":95,"column":90}},"38":{"start":{"line":98,"column":8},"end":{"line":102,"column":9}},"39":{"start":{"line":99,"column":12},"end":{"line":101,"column":86}},"40":{"start":{"line":104,"column":8},"end":{"line":104,"column":63}},"41":{"start":{"line":107,"column":28},"end":{"line":107,"column":90}},"42":{"start":{"line":108,"column":8},"end":{"line":108,"column":80}},"43":{"start":{"line":112,"column":0},"end":{"line":162,"column":2}},"44":{"start":{"line":113,"column":20},"end":{"line":113,"column":49}},"45":{"start":{"line":114,"column":4},"end":{"line":161,"column":5}},"46":{"start":{"line":115,"column":8},"end":{"line":115,"column":35}},"47":{"start":{"line":117,"column":24},"end":{"line":117,"column":78}},"48":{"start":{"line":118,"column":8},"end":{"line":122,"column":9}},"49":{"start":{"line":119,"column":12},"end":{"line":119,"column":45}},"50":{"start":{"line":120,"column":12},"end":{"line":120,"column":33}},"51":{"start":{"line":121,"column":12},"end":{"line":121,"column":85}},"52":{"start":{"line":124,"column":8},"end":{"line":128,"column":9}},"53":{"start":{"line":125,"column":12},"end":{"line":125,"column":45}},"54":{"start":{"line":126,"column":12},"end":{"line":126,"column":33}},"55":{"start":{"line":127,"column":12},"end":{"line":127,"column":90}},"56":{"start":{"line":130,"column":8},"end":{"line":134,"column":9}},"57":{"start":{"line":131,"column":12},"end":{"line":131,"column":45}},"58":{"start":{"line":132,"column":12},"end":{"line":132,"column":33}},"59":{"start":{"line":133,"column":12},"end":{"line":133,"column":106}},"60":{"start":{"line":138,"column":25},"end":{"line":138,"column":87}},"61":{"start":{"line":139,"column":8},"end":{"line":139,"column":28}},"62":{"start":{"line":140,"column":29},"end":{"line":140,"column":71}},"63":{"start":{"line":143,"column":8},"end":{"line":143,"column":36}},"64":{"start":{"line":144,"column":8},"end":{"line":144,"column":40}},"65":{"start":{"line":147,"column":8},"end":{"line":147,"column":42}},"66":{"start":{"line":148,"column":8},"end":{"line":148,"column":29}},"67":{"start":{"line":150,"column":8},"end":{"line":150,"column":114}},"68":{"start":{"line":155,"column":8},"end":{"line":157,"column":9}},"69":{"start":{"line":156,"column":13},"end":{"line":156,"column":46}},"70":{"start":{"line":158,"column":8},"end":{"line":158,"column":29}},"71":{"start":{"line":159,"column":28},"end":{"line":159,"column":107}},"72":{"start":{"line":160,"column":8},"end":{"line":160,"column":69}},"73":{"start":{"line":168,"column":0},"end":{"line":189,"column":2}},"74":{"start":{"line":169,"column":4},"end":{"line":188,"column":5}},"75":{"start":{"line":170,"column":24},"end":{"line":170,"column":61}},"76":{"start":{"line":171,"column":8},"end":{"line":171,"column":100}},"77":{"start":{"line":171,"column":22},"end":{"line":171,"column":100}},"78":{"start":{"line":173,"column":8},"end":{"line":175,"column":9}},"79":{"start":{"line":174,"column":12},"end":{"line":174,"column":85}},"80":{"start":{"line":177,"column":8},"end":{"line":179,"column":9}},"81":{"start":{"line":178,"column":12},"end":{"line":178,"column":106}},"82":{"start":{"line":181,"column":8},"end":{"line":181,"column":36}},"83":{"start":{"line":182,"column":8},"end":{"line":182,"column":65}},"84":{"start":{"line":183,"column":8},"end":{"line":183,"column":29}},"85":{"start":{"line":185,"column":8},"end":{"line":185,"column":92}},"86":{"start":{"line":187,"column":8},"end":{"line":187,"column":69}},"87":{"start":{"line":194,"column":0},"end":{"line":234,"column":2}},"88":{"start":{"line":195,"column":4},"end":{"line":233,"column":5}},"89":{"start":{"line":196,"column":22},"end":{"line":196,"column":59}},"90":{"start":{"line":198,"column":8},"end":{"line":203,"column":9}},"91":{"start":{"line":199,"column":12},"end":{"line":202,"column":15}},"92":{"start":{"line":206,"column":8},"end":{"line":211,"column":9}},"93":{"start":{"line":207,"column":12},"end":{"line":210,"column":15}},"94":{"start":{"line":214,"column":8},"end":{"line":219,"column":9}},"95":{"start":{"line":215,"column":12},"end":{"line":218,"column":15}},"96":{"start":{"line":221,"column":8},"end":{"line":221,"column":34}},"97":{"start":{"line":223,"column":8},"end":{"line":226,"column":11}},"98":{"start":{"line":228,"column":28},"end":{"line":228,"column":88}},"99":{"start":{"line":229,"column":8},"end":{"line":232,"column":11}},"100":{"start":{"line":240,"column":0},"end":{"line":275,"column":1}},"101":{"start":{"line":241,"column":4},"end":{"line":274,"column":5}},"102":{"start":{"line":242,"column":22},"end":{"line":242,"column":59}},"103":{"start":{"line":243,"column":8},"end":{"line":245,"column":9}},"104":{"start":{"line":244,"column":12},"end":{"line":244,"column":106}},"105":{"start":{"line":247,"column":8},"end":{"line":249,"column":9}},"106":{"start":{"line":248,"column":12},"end":{"line":248,"column":129}},"107":{"start":{"line":252,"column":71},"end":{"line":252,"column":79}},"108":{"start":{"line":255,"column":8},"end":{"line":260,"column":9}},"109":{"start":{"line":256,"column":12},"end":{"line":259,"column":15}},"110":{"start":{"line":262,"column":8},"end":{"line":262,"column":38}},"111":{"start":{"line":263,"column":8},"end":{"line":263,"column":39}},"112":{"start":{"line":265,"column":29},"end":{"line":265,"column":121}},"113":{"start":{"line":266,"column":8},"end":{"line":269,"column":11}},"114":{"start":{"line":272,"column":28},"end":{"line":272,"column":90}},"115":{"start":{"line":273,"column":8},"end":{"line":273,"column":78}},"116":{"start":{"line":280,"column":0},"end":{"line":331,"column":2}},"117":{"start":{"line":281,"column":4},"end":{"line":330,"column":5}},"118":{"start":{"line":282,"column":26},"end":{"line":282,"column":39}},"119":{"start":{"line":283,"column":27},"end":{"line":283,"column":35}},"120":{"start":{"line":286,"column":8},"end":{"line":288,"column":9}},"121":{"start":{"line":287,"column":12},"end":{"line":287,"column":96}},"122":{"start":{"line":291,"column":8},"end":{"line":293,"column":9}},"123":{"start":{"line":292,"column":12},"end":{"line":292,"column":116}},"124":{"start":{"line":296,"column":8},"end":{"line":298,"column":9}},"125":{"start":{"line":297,"column":12},"end":{"line":297,"column":125}},"126":{"start":{"line":301,"column":24},"end":{"line":301,"column":57}},"127":{"start":{"line":303,"column":8},"end":{"line":305,"column":9}},"128":{"start":{"line":304,"column":12},"end":{"line":304,"column":104}},"129":{"start":{"line":308,"column":8},"end":{"line":310,"column":9}},"130":{"start":{"line":309,"column":12},"end":{"line":309,"column":117}},"131":{"start":{"line":313,"column":31},"end":{"line":320,"column":9}},"132":{"start":{"line":322,"column":8},"end":{"line":325,"column":11}},"133":{"start":{"line":328,"column":28},"end":{"line":328,"column":90}},"134":{"start":{"line":329,"column":8},"end":{"line":329,"column":80}},"135":{"start":{"line":340,"column":85},"end":{"line":340,"column":40213}},"136":{"start":{"line":340,"column":89},"end":{"line":340,"column":40202}}},"fnMap":{"0":{"name":"(anonymous_0)","decl":{"start":{"line":9,"column":24},"end":{"line":9,"column":25}},"loc":{"start":{"line":9,"column":50},"end":{"line":38,"column":1}},"line":9},"1":{"name":"(anonymous_1)","decl":{"start":{"line":43,"column":22},"end":{"line":43,"column":23}},"loc":{"start":{"line":43,"column":48},"end":{"line":81,"column":1}},"line":43},"2":{"name":"(anonymous_2)","decl":{"start":{"line":86,"column":21},"end":{"line":86,"column":22}},"loc":{"start":{"line":86,"column":47},"end":{"line":110,"column":1}},"line":86},"3":{"name":"(anonymous_3)","decl":{"start":{"line":112,"column":25},"end":{"line":112,"column":26}},"loc":{"start":{"line":112,"column":51},"end":{"line":162,"column":1}},"line":112},"4":{"name":"(anonymous_4)","decl":{"start":{"line":168,"column":24},"end":{"line":168,"column":25}},"loc":{"start":{"line":168,"column":50},"end":{"line":189,"column":1}},"line":168},"5":{"name":"(anonymous_5)","decl":{"start":{"line":194,"column":24},"end":{"line":194,"column":25}},"loc":{"start":{"line":194,"column":48},"end":{"line":234,"column":1}},"line":194},"6":{"name":"(anonymous_6)","decl":{"start":{"line":240,"column":22},"end":{"line":240,"column":23}},"loc":{"start":{"line":240,"column":46},"end":{"line":275,"column":1}},"line":240},"7":{"name":"(anonymous_7)","decl":{"start":{"line":280,"column":21},"end":{"line":280,"column":22}},"loc":{"start":{"line":280,"column":47},"end":{"line":331,"column":1}},"line":280},"8":{"name":"oo_cm","decl":{"start":{"line":340,"column":77},"end":{"line":340,"column":82}},"loc":{"start":{"line":340,"column":84},"end":{"line":340,"column":40214}},"line":340}},"branchMap":{"0":{"loc":{"start":{"line":13,"column":8},"end":{"line":18,"column":9}},"type":"if","locations":[{"start":{"line":13,"column":8},"end":{"line":18,"column":9}},{"start":{},"end":{}}],"line":13},"1":{"loc":{"start":{"line":53,"column":8},"end":{"line":73,"column":9}},"type":"if","locations":[{"start":{"line":53,"column":8},"end":{"line":73,"column":9}},{"start":{"line":63,"column":15},"end":{"line":73,"column":9}}],"line":53},"2":{"loc":{"start":{"line":54,"column":12},"end":{"line":62,"column":13}},"type":"if","locations":[{"start":{"line":54,"column":12},"end":{"line":62,"column":13}},{"start":{"line":58,"column":19},"end":{"line":62,"column":13}}],"line":54},"3":{"loc":{"start":{"line":63,"column":15},"end":{"line":73,"column":9}},"type":"if","locations":[{"start":{"line":63,"column":15},"end":{"line":73,"column":9}},{"start":{},"end":{}}],"line":63},"4":{"loc":{"start":{"line":64,"column":13},"end":{"line":72,"column":13}},"type":"if","locations":[{"start":{"line":64,"column":13},"end":{"line":72,"column":13}},{"start":{"line":68,"column":19},"end":{"line":72,"column":13}}],"line":64},"5":{"loc":{"start":{"line":94,"column":8},"end":{"line":96,"column":9}},"type":"if","locations":[{"start":{"line":94,"column":8},"end":{"line":96,"column":9}},{"start":{},"end":{}}],"line":94},"6":{"loc":{"start":{"line":98,"column":8},"end":{"line":102,"column":9}},"type":"if","locations":[{"start":{"line":98,"column":8},"end":{"line":102,"column":9}},{"start":{},"end":{}}],"line":98},"7":{"loc":{"start":{"line":98,"column":12},"end":{"line":98,"column":84}},"type":"binary-expr","locations":[{"start":{"line":98,"column":12},"end":{"line":98,"column":55}},{"start":{"line":98,"column":59},"end":{"line":98,"column":84}}],"line":98},"8":{"loc":{"start":{"line":118,"column":8},"end":{"line":122,"column":9}},"type":"if","locations":[{"start":{"line":118,"column":8},"end":{"line":122,"column":9}},{"start":{},"end":{}}],"line":118},"9":{"loc":{"start":{"line":124,"column":8},"end":{"line":128,"column":9}},"type":"if","locations":[{"start":{"line":124,"column":8},"end":{"line":128,"column":9}},{"start":{},"end":{}}],"line":124},"10":{"loc":{"start":{"line":130,"column":8},"end":{"line":134,"column":9}},"type":"if","locations":[{"start":{"line":130,"column":8},"end":{"line":134,"column":9}},{"start":{},"end":{}}],"line":130},"11":{"loc":{"start":{"line":138,"column":25},"end":{"line":138,"column":87}},"type":"cond-expr","locations":[{"start":{"line":138,"column":49},"end":{"line":138,"column":72}},{"start":{"line":138,"column":75},"end":{"line":138,"column":87}}],"line":138},"12":{"loc":{"start":{"line":155,"column":8},"end":{"line":157,"column":9}},"type":"if","locations":[{"start":{"line":155,"column":8},"end":{"line":157,"column":9}},{"start":{},"end":{}}],"line":155},"13":{"loc":{"start":{"line":171,"column":8},"end":{"line":171,"column":100}},"type":"if","locations":[{"start":{"line":171,"column":8},"end":{"line":171,"column":100}},{"start":{},"end":{}}],"line":171},"14":{"loc":{"start":{"line":173,"column":8},"end":{"line":175,"column":9}},"type":"if","locations":[{"start":{"line":173,"column":8},"end":{"line":175,"column":9}},{"start":{},"end":{}}],"line":173},"15":{"loc":{"start":{"line":177,"column":8},"end":{"line":179,"column":9}},"type":"if","locations":[{"start":{"line":177,"column":8},"end":{"line":179,"column":9}},{"start":{},"end":{}}],"line":177},"16":{"loc":{"start":{"line":182,"column":25},"end":{"line":182,"column":64}},"type":"binary-expr","locations":[{"start":{"line":182,"column":25},"end":{"line":182,"column":40}},{"start":{"line":182,"column":44},"end":{"line":182,"column":64}}],"line":182},"17":{"loc":{"start":{"line":198,"column":8},"end":{"line":203,"column":9}},"type":"if","locations":[{"start":{"line":198,"column":8},"end":{"line":203,"column":9}},{"start":{},"end":{}}],"line":198},"18":{"loc":{"start":{"line":206,"column":8},"end":{"line":211,"column":9}},"type":"if","locations":[{"start":{"line":206,"column":8},"end":{"line":211,"column":9}},{"start":{},"end":{}}],"line":206},"19":{"loc":{"start":{"line":214,"column":8},"end":{"line":219,"column":9}},"type":"if","locations":[{"start":{"line":214,"column":8},"end":{"line":219,"column":9}},{"start":{},"end":{}}],"line":214},"20":{"loc":{"start":{"line":243,"column":8},"end":{"line":245,"column":9}},"type":"if","locations":[{"start":{"line":243,"column":8},"end":{"line":245,"column":9}},{"start":{},"end":{}}],"line":243},"21":{"loc":{"start":{"line":247,"column":8},"end":{"line":249,"column":9}},"type":"if","locations":[{"start":{"line":247,"column":8},"end":{"line":249,"column":9}},{"start":{},"end":{}}],"line":247},"22":{"loc":{"start":{"line":255,"column":8},"end":{"line":260,"column":9}},"type":"if","locations":[{"start":{"line":255,"column":8},"end":{"line":260,"column":9}},{"start":{},"end":{}}],"line":255},"23":{"loc":{"start":{"line":255,"column":12},"end":{"line":255,"column":51}},"type":"binary-expr","locations":[{"start":{"line":255,"column":12},"end":{"line":255,"column":21}},{"start":{"line":255,"column":25},"end":{"line":255,"column":31}},{"start":{"line":255,"column":35},"end":{"line":255,"column":41}},{"start":{"line":255,"column":45},"end":{"line":255,"column":51}}],"line":255},"24":{"loc":{"start":{"line":286,"column":8},"end":{"line":288,"column":9}},"type":"if","locations":[{"start":{"line":286,"column":8},"end":{"line":288,"column":9}},{"start":{},"end":{}}],"line":286},"25":{"loc":{"start":{"line":291,"column":8},"end":{"line":293,"column":9}},"type":"if","locations":[{"start":{"line":291,"column":8},"end":{"line":293,"column":9}},{"start":{},"end":{}}],"line":291},"26":{"loc":{"start":{"line":296,"column":8},"end":{"line":298,"column":9}},"type":"if","locations":[{"start":{"line":296,"column":8},"end":{"line":298,"column":9}},{"start":{},"end":{}}],"line":296},"27":{"loc":{"start":{"line":303,"column":8},"end":{"line":305,"column":9}},"type":"if","locations":[{"start":{"line":303,"column":8},"end":{"line":305,"column":9}},{"start":{},"end":{}}],"line":303},"28":{"loc":{"start":{"line":308,"column":8},"end":{"line":310,"column":9}},"type":"if","locations":[{"start":{"line":308,"column":8},"end":{"line":310,"column":9}},{"start":{},"end":{}}],"line":308},"29":{"loc":{"start":{"line":340,"column":96},"end":{"line":340,"column":40201}},"type":"binary-expr","locations":[{"start":{"line":340,"column":96},"end":{"line":340,"column":133}},{"start":{"line":340,"column":137},"end":{"line":340,"column":40201}}],"line":340}},"s":{"0":2,"1":2,"2":2,"3":2,"4":2,"5":3,"6":3,"7":3,"8":1,"9":2,"10":2,"11":2,"12":2,"13":2,"14":1,"15":1,"16":1,"17":2,"18":5,"19":5,"20":5,"21":3,"22":1,"23":2,"24":2,"25":2,"26":1,"27":1,"28":4,"29":4,"30":1,"31":1,"32":2,"33":0,"34":0,"35":0,"36":0,"37":0,"38":0,"39":0,"40":0,"41":0,"42":0,"43":2,"44":0,"45":0,"46":0,"47":0,"48":0,"49":0,"50":0,"51":0,"52":0,"53":0,"54":0,"55":0,"56":0,"57":0,"58":0,"59":0,"60":0,"61":0,"62":0,"63":0,"64":0,"65":0,"66":0,"67":0,"68":0,"69":0,"70":0,"71":0,"72":0,"73":2,"74":0,"75":0,"76":0,"77":0,"78":0,"79":0,"80":0,"81":0,"82":0,"83":0,"84":0,"85":0,"86":0,"87":2,"88":0,"89":0,"90":0,"91":0,"92":0,"93":0,"94":0,"95":0,"96":0,"97":0,"98":0,"99":0,"100":2,"101":0,"102":0,"103":0,"104":0,"105":0,"106":0,"107":0,"108":0,"109":0,"110":0,"111":0,"112":0,"113":0,"114":0,"115":0,"116":2,"117":0,"118":0,"119":0,"120":0,"121":0,"122":0,"123":0,"124":0,"125":0,"126":0,"127":0,"128":0,"129":0,"130":0,"131":0,"132":0,"133":0,"134":0,"135":2,"136":2},"f":{"0":3,"1":5,"2":0,"3":0,"4":0,"5":0,"6":0,"7":0,"8":2},"b":{"0":[1,2],"1":[3,2],"2":[1,2],"3":[2,0],"4":[1,1],"5":[0,0],"6":[0,0],"7":[0,0],"8":[0,0],"9":[0,0],"10":[0,0],"11":[0,0],"12":[0,0],"13":[0,0],"14":[0,0],"15":[0,0],"16":[0,0],"17":[0,0],"18":[0,0],"19":[0,0],"20":[0,0],"21":[0,0],"22":[0,0],"23":[0,0,0,0],"24":[0,0],"25":[0,0],"26":[0,0],"27":[0,0],"28":[0,0],"29":[2,2]},"_coverageSchema":"1a1c01bbd47fc00a2c39e90264f33305004495a9","hash":"e8019cca5f00672ab5c7899f9be898a57044572e"}
,"/Users/imtanakit/SE/backend/se-project-backend-10_brain-not-found/models/Request.js": {"path":"/Users/imtanakit/SE/backend/se-project-backend-10_brain-not-found/models/Request.js","statementMap":{"0":{"start":{"line":2,"column":17},"end":{"line":2,"column":36}},"1":{"start":{"line":4,"column":23},"end":{"line":4,"column":40}},"2":{"start":{"line":6,"column":22},"end":{"line":38,"column":2}},"3":{"start":{"line":40,"column":0},"end":{"line":40,"column":58}}},"fnMap":{},"branchMap":{},"s":{"0":1,"1":1,"2":1,"3":1},"f":{},"b":{},"_coverageSchema":"1a1c01bbd47fc00a2c39e90264f33305004495a9","hash":"6eba1a3bcfc2c479283e1c8602a9b494eb27f496"}
,"/Users/imtanakit/SE/backend/se-project-backend-10_brain-not-found/models/Review.js": {"path":"/Users/imtanakit/SE/backend/se-project-backend-10_brain-not-found/models/Review.js","statementMap":{"0":{"start":{"line":1,"column":17},"end":{"line":1,"column":36}},"1":{"start":{"line":3,"column":21},"end":{"line":40,"column":2}},"2":{"start":{"line":43,"column":0},"end":{"line":43,"column":59}},"3":{"start":{"line":45,"column":0},"end":{"line":45,"column":56}}},"fnMap":{},"branchMap":{},"s":{"0":3,"1":3,"2":3,"3":3},"f":{},"b":{},"_coverageSchema":"1a1c01bbd47fc00a2c39e90264f33305004495a9","hash":"02cff56fa8f1251bb80843b6f3fe859c8bc1a810"}
,"/Users/imtanakit/SE/backend/se-project-backend-10_brain-not-found/models/Shop.js": {"path":"/Users/imtanakit/SE/backend/se-project-backend-10_brain-not-found/models/Shop.js","statementMap":{"0":{"start":{"line":3,"column":17},"end":{"line":3,"column":36}},"1":{"start":{"line":4,"column":15},"end":{"line":4,"column":34}},"2":{"start":{"line":6,"column":19},"end":{"line":139,"column":2}},"3":{"start":{"line":58,"column":20},"end":{"line":58,"column":43}},"4":{"start":{"line":121,"column":19},"end":{"line":121,"column":71}},"5":{"start":{"line":125,"column":16},"end":{"line":125,"column":52}},"6":{"start":{"line":125,"column":35},"end":{"line":125,"column":52}},"7":{"start":{"line":126,"column":16},"end":{"line":126,"column":56}},"8":{"start":{"line":126,"column":47},"end":{"line":126,"column":56}},"9":{"start":{"line":128,"column":38},"end":{"line":128,"column":39}},"10":{"start":{"line":129,"column":32},"end":{"line":129,"column":33}},"11":{"start":{"line":130,"column":16},"end":{"line":132,"column":19}},"12":{"start":{"line":131,"column":20},"end":{"line":131,"column":47}},"13":{"start":{"line":134,"column":32},"end":{"line":134,"column":63}},"14":{"start":{"line":135,"column":16},"end":{"line":135,"column":93}},"15":{"start":{"line":142,"column":13},"end":{"line":142,"column":47}},"16":{"start":{"line":144,"column":0},"end":{"line":144,"column":38}}},"fnMap":{"0":{"name":"(anonymous_0)","decl":{"start":{"line":57,"column":27},"end":{"line":57,"column":28}},"loc":{"start":{"line":57,"column":41},"end":{"line":59,"column":17}},"line":57},"1":{"name":"(anonymous_1)","decl":{"start":{"line":121,"column":12},"end":{"line":121,"column":13}},"loc":{"start":{"line":121,"column":18},"end":{"line":121,"column":72}},"line":121},"2":{"name":"(anonymous_2)","decl":{"start":{"line":124,"column":12},"end":{"line":124,"column":13}},"loc":{"start":{"line":124,"column":18},"end":{"line":136,"column":13}},"line":124},"3":{"name":"(anonymous_3)","decl":{"start":{"line":130,"column":37},"end":{"line":130,"column":38}},"loc":{"start":{"line":130,"column":47},"end":{"line":132,"column":17}},"line":130}},"branchMap":{"0":{"loc":{"start":{"line":121,"column":26},"end":{"line":121,"column":71}},"type":"cond-expr","locations":[{"start":{"line":121,"column":40},"end":{"line":121,"column":59}},{"start":{"line":121,"column":62},"end":{"line":121,"column":71}}],"line":121},"1":{"loc":{"start":{"line":125,"column":16},"end":{"line":125,"column":52}},"type":"if","locations":[{"start":{"line":125,"column":16},"end":{"line":125,"column":52}},{"start":{},"end":{}}],"line":125},"2":{"loc":{"start":{"line":126,"column":16},"end":{"line":126,"column":56}},"type":"if","locations":[{"start":{"line":126,"column":16},"end":{"line":126,"column":56}},{"start":{},"end":{}}],"line":126}},"s":{"0":3,"1":3,"2":3,"3":0,"4":0,"5":0,"6":0,"7":0,"8":0,"9":0,"10":0,"11":0,"12":0,"13":0,"14":0,"15":3,"16":3},"f":{"0":0,"1":0,"2":0,"3":0},"b":{"0":[0,0],"1":[0,0],"2":[0,0]},"_coverageSchema":"1a1c01bbd47fc00a2c39e90264f33305004495a9","hash":"60b96b60f0590677609f5139b5a8170a5b39b505"}
,"/Users/imtanakit/SE/backend/se-project-backend-10_brain-not-found/models/User.js": {"path":"/Users/imtanakit/SE/backend/se-project-backend-10_brain-not-found/models/User.js","statementMap":{"0":{"start":{"line":1,"column":15},"end":{"line":1,"column":34}},"1":{"start":{"line":2,"column":15},"end":{"line":2,"column":34}},"2":{"start":{"line":3,"column":12},"end":{"line":3,"column":35}},"3":{"start":{"line":5,"column":17},"end":{"line":45,"column":2}},"4":{"start":{"line":48,"column":0},"end":{"line":51,"column":3}},"5":{"start":{"line":49,"column":17},"end":{"line":49,"column":41}},"6":{"start":{"line":50,"column":4},"end":{"line":50,"column":58}},"7":{"start":{"line":54,"column":0},"end":{"line":58,"column":1}},"8":{"start":{"line":55,"column":4},"end":{"line":57,"column":7}},"9":{"start":{"line":61,"column":0},"end":{"line":63,"column":1}},"10":{"start":{"line":62,"column":4},"end":{"line":62,"column":64}},"11":{"start":{"line":65,"column":0},"end":{"line":65,"column":51}}},"fnMap":{"0":{"name":"(anonymous_0)","decl":{"start":{"line":48,"column":22},"end":{"line":48,"column":23}},"loc":{"start":{"line":48,"column":42},"end":{"line":51,"column":1}},"line":48},"1":{"name":"(anonymous_1)","decl":{"start":{"line":54,"column":39},"end":{"line":54,"column":40}},"loc":{"start":{"line":54,"column":50},"end":{"line":58,"column":1}},"line":54},"2":{"name":"(anonymous_2)","decl":{"start":{"line":61,"column":33},"end":{"line":61,"column":34}},"loc":{"start":{"line":61,"column":65},"end":{"line":63,"column":1}},"line":61}},"branchMap":{},"s":{"0":2,"1":2,"2":2,"3":2,"4":2,"5":0,"6":0,"7":2,"8":0,"9":2,"10":0,"11":2},"f":{"0":0,"1":0,"2":0},"b":{},"_coverageSchema":"1a1c01bbd47fc00a2c39e90264f33305004495a9","hash":"017f0fdde7de2656019f1e55969fe624438945b6"}
}
