TN:
SF:controllers/api_testing.js
FN:3,(anonymous_0)
FN:34,(anonymous_1)
FN:82,oo_cm
FNF:3
FNH:3
FNDA:3,(anonymous_0)
FNDA:6,(anonymous_1)
FNDA:2,oo_cm
DA:1,2
DA:3,2
DA:4,3
DA:5,3
DA:7,3
DA:8,1
DA:15,2
DA:16,2
DA:17,2
DA:18,2
DA:19,2
DA:21,1
DA:26,1
DA:27,1
DA:34,2
DA:35,6
DA:37,6
DA:44,6
DA:45,3
DA:46,1
DA:50,2
DA:54,3
DA:55,2
DA:56,1
DA:60,1
DA:66,1
DA:69,4
DA:70,4
DA:72,1
DA:73,1
DA:82,2
LF:31
LH:31
BRDA:7,0,0,1
BRDA:7,0,1,2
BRDA:44,1,0,3
BRDA:44,1,1,3
BRDA:45,2,0,1
BRDA:45,2,1,2
BRDA:54,3,0,2
BRDA:54,3,1,1
BRDA:55,4,0,1
BRDA:55,4,1,1
BRDA:82,5,0,2
BRDA:82,5,1,2
BRF:12
BRH:12
end_of_record
