TN:
SF:controllers/requests.js
FN:9,(anonymous_0)
FN:43,(anonymous_1)
FN:86,(anonymous_2)
FN:112,(anonymous_3)
FN:168,(anonymous_4)
FN:194,(anonymous_5)
FN:240,(anonymous_6)
FN:280,(anonymous_7)
FN:340,oo_cm
FNF:9
FNH:3
FNDA:3,(anonymous_0)
FNDA:5,(anonymous_1)
FNDA:0,(anonymous_2)
FNDA:0,(anonymous_3)
FNDA:0,(anonymous_4)
FNDA:0,(anonymous_5)
FNDA:0,(anonymous_6)
FNDA:0,(anonymous_7)
FNDA:2,oo_cm
DA:1,2
DA:2,2
DA:3,2
DA:4,2
DA:9,2
DA:10,3
DA:11,3
DA:13,3
DA:14,1
DA:21,2
DA:22,2
DA:23,2
DA:24,2
DA:25,2
DA:27,1
DA:32,1
DA:33,1
DA:43,2
DA:44,5
DA:46,5
DA:53,5
DA:54,3
DA:55,1
DA:59,2
DA:63,2
DA:64,2
DA:65,1
DA:69,1
DA:75,4
DA:76,4
DA:78,1
DA:79,1
DA:86,2
DA:87,0
DA:88,0
DA:89,0
DA:94,0
DA:95,0
DA:98,0
DA:99,0
DA:104,0
DA:107,0
DA:108,0
DA:112,2
DA:113,0
DA:114,0
DA:115,0
DA:117,0
DA:118,0
DA:119,0
DA:120,0
DA:121,0
DA:124,0
DA:125,0
DA:126,0
DA:127,0
DA:130,0
DA:131,0
DA:132,0
DA:133,0
DA:138,0
DA:139,0
DA:140,0
DA:143,0
DA:144,0
DA:147,0
DA:148,0
DA:150,0
DA:155,0
DA:156,0
DA:158,0
DA:159,0
DA:160,0
DA:168,2
DA:169,0
DA:170,0
DA:171,0
DA:173,0
DA:174,0
DA:177,0
DA:178,0
DA:181,0
DA:182,0
DA:183,0
DA:185,0
DA:187,0
DA:194,2
DA:195,0
DA:196,0
DA:198,0
DA:199,0
DA:206,0
DA:207,0
DA:214,0
DA:215,0
DA:221,0
DA:223,0
DA:228,0
DA:229,0
DA:240,2
DA:241,0
DA:242,0
DA:243,0
DA:244,0
DA:247,0
DA:248,0
DA:252,0
DA:255,0
DA:256,0
DA:262,0
DA:263,0
DA:265,0
DA:266,0
DA:272,0
DA:273,0
DA:280,2
DA:281,0
DA:282,0
DA:283,0
DA:286,0
DA:287,0
DA:291,0
DA:292,0
DA:296,0
DA:297,0
DA:301,0
DA:303,0
DA:304,0
DA:308,0
DA:309,0
DA:313,0
DA:322,0
DA:328,0
DA:329,0
DA:340,2
LF:135
LH:39
BRDA:13,0,0,1
BRDA:13,0,1,2
BRDA:53,1,0,3
BRDA:53,1,1,2
BRDA:54,2,0,1
BRDA:54,2,1,2
BRDA:63,3,0,2
BRDA:63,3,1,0
BRDA:64,4,0,1
BRDA:64,4,1,1
BRDA:94,5,0,0
BRDA:94,5,1,0
BRDA:98,6,0,0
BRDA:98,6,1,0
BRDA:98,7,0,0
BRDA:98,7,1,0
BRDA:118,8,0,0
BRDA:118,8,1,0
BRDA:124,9,0,0
BRDA:124,9,1,0
BRDA:130,10,0,0
BRDA:130,10,1,0
BRDA:138,11,0,0
BRDA:138,11,1,0
BRDA:155,12,0,0
BRDA:155,12,1,0
BRDA:171,13,0,0
BRDA:171,13,1,0
BRDA:173,14,0,0
BRDA:173,14,1,0
BRDA:177,15,0,0
BRDA:177,15,1,0
BRDA:182,16,0,0
BRDA:182,16,1,0
BRDA:198,17,0,0
BRDA:198,17,1,0
BRDA:206,18,0,0
BRDA:206,18,1,0
BRDA:214,19,0,0
BRDA:214,19,1,0
BRDA:243,20,0,0
BRDA:243,20,1,0
BRDA:247,21,0,0
BRDA:247,21,1,0
BRDA:255,22,0,0
BRDA:255,22,1,0
BRDA:255,23,0,0
BRDA:255,23,1,0
BRDA:255,23,2,0
BRDA:255,23,3,0
BRDA:286,24,0,0
BRDA:286,24,1,0
BRDA:291,25,0,0
BRDA:291,25,1,0
BRDA:296,26,0,0
BRDA:296,26,1,0
BRDA:303,27,0,0
BRDA:303,27,1,0
BRDA:308,28,0,0
BRDA:308,28,1,0
BRDA:340,29,0,2
BRDA:340,29,1,2
BRF:62
BRH:11
end_of_record
TN:
SF:models/Request.js
FNF:0
FNH:0
DA:2,1
DA:4,1
DA:6,1
DA:40,1
LF:4
LH:4
BRF:0
BRH:0
end_of_record
TN:
SF:models/Review.js
FNF:0
FNH:0
DA:1,3
DA:3,3
DA:43,3
DA:45,3
LF:4
LH:4
BRF:0
BRH:0
end_of_record
TN:
SF:models/Shop.js
FN:57,(anonymous_0)
FN:121,(anonymous_1)
FN:124,(anonymous_2)
FN:130,(anonymous_3)
FNF:4
FNH:0
FNDA:0,(anonymous_0)
FNDA:0,(anonymous_1)
FNDA:0,(anonymous_2)
FNDA:0,(anonymous_3)
DA:3,3
DA:4,3
DA:6,3
DA:58,0
DA:121,0
DA:125,0
DA:126,0
DA:128,0
DA:129,0
DA:130,0
DA:131,0
DA:134,0
DA:135,0
DA:142,3
DA:144,3
LF:15
LH:5
BRDA:121,0,0,0
BRDA:121,0,1,0
BRDA:125,1,0,0
BRDA:125,1,1,0
BRDA:126,2,0,0
BRDA:126,2,1,0
BRF:6
BRH:0
end_of_record
TN:
SF:models/User.js
FN:48,(anonymous_0)
FN:54,(anonymous_1)
FN:61,(anonymous_2)
FNF:3
FNH:0
FNDA:0,(anonymous_0)
FNDA:0,(anonymous_1)
FNDA:0,(anonymous_2)
DA:1,2
DA:2,2
DA:3,2
DA:5,2
DA:48,2
DA:49,0
DA:50,0
DA:54,2
DA:55,0
DA:61,2
DA:62,0
DA:65,2
LF:12
LH:8
BRF:0
BRH:0
end_of_record
